<?xml version="1.0" encoding="UTF-8"?>
<testsuite name="agh.ii.prinjava.lab01.lst01_09.HelloImmutableTest" tests="1" skipped="0" failures="0" errors="0" timestamp="2023-09-22T00:03:59" hostname="LAPTOP-R88I27D9" time="0.025">
  <properties/>
  <testcase name="testStaticMethod()" classname="agh.ii.prinjava.lab01.lst01_09.HelloImmutableTest" time="0.025"/>
  <system-out><![CDATA[HelloImmutable.sm1()
]]></system-out>
  <system-err><![CDATA[]]></system-err>
</testsuite>
